<?xml version="1.0" encoding="UTF-8"?>
<testng-results ignored="0" total="1" passed="1" failed="0" skipped="0">
  <reporter-output>
  </reporter-output>
  <suite started-at="2025-01-28T13:03:18 EST" name="Suite" finished-at="2025-01-28T13:03:35 EST" duration-ms="16257">
    <groups>
    </groups>
    <test started-at="2025-01-28T13:03:18 EST" name="Test" finished-at="2025-01-28T13:03:35 EST" duration-ms="16257">
      <class name="Actions.ActionsTest">
        <test-method signature="actionValidations()[pri:0, instance:Actions.ActionsTest@77fbd92c]" started-at="2025-01-28T13:03:18 EST" name="actionValidations" finished-at="2025-01-28T13:03:35 EST" duration-ms="16205" status="PASS">
          <reporter-output>
          </reporter-output>
        </test-method> <!-- actionValidations -->
      </class> <!-- Actions.ActionsTest -->
    </test> <!-- Test -->
  </suite> <!-- Suite -->
</testng-results>
